Start testing: Feb 22 14:26 CET
----------------------------------------------------------
1/2 Testing: UtilsTests
1/2 Test: UtilsTests
Command: "/home/arun/projects/nuc_display/build/tests/test_utils"
Directory: /home/arun/projects/nuc_display/build/tests
"UtilsTests" start time: Feb 22 14:26 CET
Output:
----------------------------------------------------------
Running main() from /home/arun/projects/nuc_display/build/_deps/googletest-src/googletest/src/gtest_main.cc
[==========] Running 3 tests from 1 test suite.
[----------] Global test environment set-up.
[----------] 3 tests from ThreadPoolTest
[ RUN      ] ThreadPoolTest.SimpleTask
[       OK ] ThreadPoolTest.SimpleTask (0 ms)
[ RUN      ] ThreadPoolTest.MultipleTasks
[       OK ] ThreadPoolTest.MultipleTasks (1 ms)
[ RUN      ] ThreadPoolTest.StopAndQueue
[       OK ] ThreadPoolTest.StopAndQueue (0 ms)
[----------] 3 tests from ThreadPoolTest (3 ms total)

[----------] Global test environment tear-down
[==========] 3 tests from 1 test suite ran. (3 ms total)
[  PASSED  ] 3 tests.
<end of output>
Test time =   0.01 sec
----------------------------------------------------------
Test Passed.
"UtilsTests" end time: Feb 22 14:26 CET
"UtilsTests" time elapsed: 00:00:00
----------------------------------------------------------

2/2 Testing: ModuleTests
2/2 Test: ModuleTests
Command: "/home/arun/projects/nuc_display/build/tests/test_modules"
Directory: /home/arun/projects/nuc_display/build/tests
"ModuleTests" start time: Feb 22 14:26 CET
Output:
----------------------------------------------------------
Running main() from /home/arun/projects/nuc_display/build/_deps/googletest-src/googletest/src/gtest_main.cc
[==========] Running 4 tests from 2 test suites.
[----------] Global test environment set-up.
[----------] 2 tests from ImageLoaderTest
[ RUN      ] ImageLoaderTest.UnsupportedFormat
Unsupported image format: nonexistent.txt
[       OK ] ImageLoaderTest.UnsupportedFormat (0 ms)
[ RUN      ] ImageLoaderTest.FileNotFound
Failed to open JPEG file: nonexistent_image.jpg
[       OK ] ImageLoaderTest.FileNotFound (0 ms)
[----------] 2 tests from ImageLoaderTest (0 ms total)

[----------] 2 tests from TextRendererTest
[ RUN      ] TextRendererTest.Initialization
[       OK ] TextRendererTest.Initialization (3 ms)
[ RUN      ] TextRendererTest.ShapeEmptyText
[       OK ] TextRendererTest.ShapeEmptyText (0 ms)
[----------] 2 tests from TextRendererTest (3 ms total)

[----------] Global test environment tear-down
[==========] 4 tests from 2 test suites ran. (5 ms total)
[  PASSED  ] 4 tests.
<end of output>
Test time =   0.02 sec
----------------------------------------------------------
Test Passed.
"ModuleTests" end time: Feb 22 14:26 CET
"ModuleTests" time elapsed: 00:00:00
----------------------------------------------------------

End testing: Feb 22 14:26 CET
